android-client/app/build/intermediates/manifest_merge_blame_file/release/manifest-merger-blame-release-report.txt
1<?xml version="1.0" encoding="utf-8"?>
2<manifest xmlns:android="http://schemas.android.com/apk/res/android"
3    package="com.personalchat.app"
4    android:versionCode="1"
5    android:versionName="1.0" >
6
7    <uses-sdk
8        android:minSdkVersion="23"
9        android:targetSdkVersion="33" />
10
11    <!-- Permissions required -->
12    <uses-permission android:name="android.permission.INTERNET" />
12-->src\main\AndroidManifest.xml:6:5-67
12-->src\main\AndroidManifest.xml:6:22-64
13    <uses-permission android:name="android.permission.ACCESS_NETWORK_STATE" />
13-->src\main\AndroidManifest.xml:7:5-79
13-->src\main\AndroidManifest.xml:7:22-76
14    <uses-permission android:name="android.permission.READ_CONTACTS" />
14-->src\main\AndroidManifest.xml:8:5-72
14-->src\main\AndroidManifest.xml:8:22-69
15    <uses-permission android:name="android.permission.WRITE_EXTERNAL_STORAGE" />
16    <uses-permission android:name="android.permission.READ_PHONE_STATE" />
17    <uses-permission android:name="android.permission.READ_EXTERNAL_STORAGE" />
18
19    <permission
19-->[androidx.core:core:1.9.0] AndroidManifest.xml:22:5-24:47
20        android:name="com.personalchat.app.DYNAMIC_RECEIVER_NOT_EXPORTED_PERMISSION"
20-->[androidx.core:core:1.9.0] AndroidManifest.xml:23:9-81
21        android:protectionLevel="signature" />
21-->[androidx.core:core:1.9.0] AndroidManifest.xml:24:9-44
22
23    <uses-permission android:name="com.personalchat.app.DYNAMIC_RECEIVER_NOT_EXPORTED_PERMISSION" />
23-->[androidx.core:core:1.9.0] AndroidManifest.xml:26:5-97
23-->[androidx.core:core:1.9.0] AndroidManifest.xml:26:22-94
24
25    <application
25-->src\main\AndroidManifest.xml:10:5-62:19
26        android:allowBackup="false"
26-->src\main\AndroidManifest.xml:11:9-36
27        android:appComponentFactory="androidx.core.app.CoreComponentFactory"
27-->[androidx.core:core:1.9.0] AndroidManifest.xml:28:18-86
28        android:extractNativeLibs="false"
29        android:icon="@android:drawable/sym_def_app_icon"
29-->src\main\AndroidManifest.xml:12:9-58
30        android:label="@string/app_name"
30-->src\main\AndroidManifest.xml:13:9-41
31        android:supportsRtl="true"
31-->src\main\AndroidManifest.xml:14:9-35
32        android:theme="@style/Theme.PersonalChat" >
32-->src\main\AndroidManifest.xml:15:9-50
33
34        <!-- Splash / Entry Screen -->
35        <activity
35-->src\main\AndroidManifest.xml:19:9-27:20
36            android:name="com.personalchat.app.ui.splash.SplashActivity"
36-->src\main\AndroidManifest.xml:20:13-53
37            android:exported="true"
37-->src\main\AndroidManifest.xml:21:13-36
38            android:theme="@style/Theme.PersonalChat.NoActionBar" >
38-->src\main\AndroidManifest.xml:22:13-66
39            <intent-filter>
39-->src\main\AndroidManifest.xml:23:13-26:29
40                <action android:name="android.intent.action.MAIN" />
40-->src\main\AndroidManifest.xml:24:17-69
40-->src\main\AndroidManifest.xml:24:25-66
41
42                <category android:name="android.intent.category.LAUNCHER" />
42-->src\main\AndroidManifest.xml:25:17-77
42-->src\main\AndroidManifest.xml:25:27-74
43            </intent-filter>
44        </activity>
45
46        <!-- Onboarding Profile Setup -->
47        <activity
47-->src\main\AndroidManifest.xml:30:9-34:69
48            android:name="com.personalchat.app.ui.onboarding.OnboardingActivity"
48-->src\main\AndroidManifest.xml:31:13-61
49            android:exported="false"
49-->src\main\AndroidManifest.xml:32:13-37
50            android:theme="@style/Theme.PersonalChat.NoActionBar"
50-->src\main\AndroidManifest.xml:34:13-66
51            android:windowSoftInputMode="adjustResize" />
51-->src\main\AndroidManifest.xml:33:13-55
52
53        <!-- Chats List Screen -->
54        <activity
54-->src\main\AndroidManifest.xml:37:9-40:69
55            android:name="com.personalchat.app.ui.chats.ChatsActivity"
55-->src\main\AndroidManifest.xml:38:13-51
56            android:exported="false"
56-->src\main\AndroidManifest.xml:39:13-37
57            android:theme="@style/Theme.PersonalChat.NoActionBar" />
57-->src\main\AndroidManifest.xml:40:13-66
58
59        <!-- New Chat Dialog / Screen -->
60        <activity
60-->src\main\AndroidManifest.xml:43:9-47:69
61            android:name="com.personalchat.app.ui.newchat.NewChatActivity"
61-->src\main\AndroidManifest.xml:44:13-55
62            android:exported="false"
62-->src\main\AndroidManifest.xml:45:13-37
63            android:theme="@style/Theme.PersonalChat.NoActionBar"
63-->src\main\AndroidManifest.xml:47:13-66
64            android:windowSoftInputMode="adjustResize" />
64-->src\main\AndroidManifest.xml:46:13-55
65
66        <!-- Direct 1-to-1 Chat Conversation Screen -->
67        <activity
67-->src\main\AndroidManifest.xml:50:9-54:69
68            android:name="com.personalchat.app.ui.chat.ChatActivity"
68-->src\main\AndroidManifest.xml:51:13-49
69            android:exported="false"
69-->src\main\AndroidManifest.xml:52:13-37
70            android:theme="@style/Theme.PersonalChat.NoActionBar"
70-->src\main\AndroidManifest.xml:54:13-66
71            android:windowSoftInputMode="adjustResize" />
71-->src\main\AndroidManifest.xml:53:13-55
72
73        <!-- Profile & Settings Screen -->
74        <activity
74-->src\main\AndroidManifest.xml:57:9-60:69
75            android:name="com.personalchat.app.ui.profile.ProfileActivity"
75-->src\main\AndroidManifest.xml:58:13-55
76            android:exported="false"
76-->src\main\AndroidManifest.xml:59:13-37
77            android:theme="@style/Theme.PersonalChat.NoActionBar" />
77-->src\main\AndroidManifest.xml:60:13-66
78
79        <service
79-->[androidx.room:room-runtime:2.5.2] AndroidManifest.xml:24:9-28:63
80            android:name="androidx.room.MultiInstanceInvalidationService"
80-->[androidx.room:room-runtime:2.5.2] AndroidManifest.xml:25:13-74
81            android:directBootAware="true"
81-->[androidx.room:room-runtime:2.5.2] AndroidManifest.xml:26:13-43
82            android:exported="false" />
82-->[androidx.room:room-runtime:2.5.2] AndroidManifest.xml:27:13-37
83
84        <provider
84-->[androidx.emoji2:emoji2:1.2.0] AndroidManifest.xml:24:9-32:20
85            android:name="androidx.startup.InitializationProvider"
85-->[androidx.emoji2:emoji2:1.2.0] AndroidManifest.xml:25:13-67
86            android:authorities="com.personalchat.app.androidx-startup"
86-->[androidx.emoji2:emoji2:1.2.0] AndroidManifest.xml:26:13-68
87            android:exported="false" >
87-->[androidx.emoji2:emoji2:1.2.0] AndroidManifest.xml:27:13-37
88            <meta-data
88-->[androidx.emoji2:emoji2:1.2.0] AndroidManifest.xml:29:13-31:52
89                android:name="androidx.emoji2.text.EmojiCompatInitializer"
89-->[androidx.emoji2:emoji2:1.2.0] AndroidManifest.xml:30:17-75
90                android:value="androidx.startup" />
90-->[androidx.emoji2:emoji2:1.2.0] AndroidManifest.xml:31:17-49
91            <meta-data
91-->[androidx.lifecycle:lifecycle-process:2.6.1] AndroidManifest.xml:29:13-31:52
92                android:name="androidx.lifecycle.ProcessLifecycleInitializer"
92-->[androidx.lifecycle:lifecycle-process:2.6.1] AndroidManifest.xml:30:17-78
93                android:value="androidx.startup" />
93-->[androidx.lifecycle:lifecycle-process:2.6.1] AndroidManifest.xml:31:17-49
94            <meta-data
94-->[androidx.profileinstaller:profileinstaller:1.3.0] AndroidManifest.xml:29:13-31:52
95                android:name="androidx.profileinstaller.ProfileInstallerInitializer"
95-->[androidx.profileinstaller:profileinstaller:1.3.0] AndroidManifest.xml:30:17-85
96                android:value="androidx.startup" />
96-->[androidx.profileinstaller:profileinstaller:1.3.0] AndroidManifest.xml:31:17-49
97        </provider>
98
99        <receiver
99-->[androidx.profileinstaller:profileinstaller:1.3.0] AndroidManifest.xml:34:9-52:20
100            android:name="androidx.profileinstaller.ProfileInstallReceiver"
100-->[androidx.profileinstaller:profileinstaller:1.3.0] AndroidManifest.xml:35:13-76
101            android:directBootAware="false"
101-->[androidx.profileinstaller:profileinstaller:1.3.0] AndroidManifest.xml:36:13-44
102            android:enabled="true"
102-->[androidx.profileinstaller:profileinstaller:1.3.0] AndroidManifest.xml:37:13-35
103            android:exported="true"
103-->[androidx.profileinstaller:profileinstaller:1.3.0] AndroidManifest.xml:38:13-36
104            android:permission="android.permission.DUMP" >
104-->[androidx.profileinstaller:profileinstaller:1.3.0] AndroidManifest.xml:39:13-57
105            <intent-filter>
105-->[androidx.profileinstaller:profileinstaller:1.3.0] AndroidManifest.xml:40:13-42:29
106                <action android:name="androidx.profileinstaller.action.INSTALL_PROFILE" />
106-->[androidx.profileinstaller:profileinstaller:1.3.0] AndroidManifest.xml:41:17-91
106-->[androidx.profileinstaller:profileinstaller:1.3.0] AndroidManifest.xml:41:25-88
107            </intent-filter>
108            <intent-filter>
108-->[androidx.profileinstaller:profileinstaller:1.3.0] AndroidManifest.xml:43:13-45:29
109                <action android:name="androidx.profileinstaller.action.SKIP_FILE" />
109-->[androidx.profileinstaller:profileinstaller:1.3.0] AndroidManifest.xml:44:17-85
109-->[androidx.profileinstaller:profileinstaller:1.3.0] AndroidManifest.xml:44:25-82
110            </intent-filter>
111            <intent-filter>
111-->[androidx.profileinstaller:profileinstaller:1.3.0] AndroidManifest.xml:46:13-48:29
112                <action android:name="androidx.profileinstaller.action.SAVE_PROFILE" />
112-->[androidx.profileinstaller:profileinstaller:1.3.0] AndroidManifest.xml:47:17-88
112-->[androidx.profileinstaller:profileinstaller:1.3.0] AndroidManifest.xml:47:25-85
113            </intent-filter>
114            <intent-filter>
114-->[androidx.profileinstaller:profileinstaller:1.3.0] AndroidManifest.xml:49:13-51:29
115                <action android:name="androidx.profileinstaller.action.BENCHMARK_OPERATION" />
115-->[androidx.profileinstaller:profileinstaller:1.3.0] AndroidManifest.xml:50:17-95
115-->[androidx.profileinstaller:profileinstaller:1.3.0] AndroidManifest.xml:50:25-92
116            </intent-filter>
117        </receiver>
118    </application>
119
120</manifest>